<?xml version="1.0" encoding="UTF-8"?>
<testsuite xmlns:xsi="http://www.w3.org/2001/XMLSchema-instance" xsi:noNamespaceSchemaLocation="https://maven.apache.org/surefire/maven-surefire-plugin/xsd/surefire-test-report-3.0.xsd" version="3.0" name="com.geekbrains.AppTest" time="0.26" tests="3" errors="0" skipped="0" failures="0">
  <properties>
[...]
</properties>
  <testcase name="shouldAnswerWithTrue" classname="com.geekbrains.AppTest" time="0.009">
    <system-out><![CDATA[Bingo!
]]></system-out>
  </testcase>
  <testcase name="firstTest" classname="com.geekbrains.AppTest" time="0">
    <system-out><![CDATA[Bingo! twice
]]></system-out>
  </testcase>
  <testcase name="secondTest" classname="com.geekbrains.AppTest" time="0">
    <system-out><![CDATA[Bingo! Three times!
]]></system-out>
  </testcase>
</testsuite>